2012-09-08 11-20-34 [FINE]: Ignore Air Blocks is TRUE - removing air blocks found in the schematic from the export list.
2012-09-08 11-20-34 [INFO]: Added C:\Users\Jesse\Desktop\Castle keep 2.schematic to the list of files to convert.
2012-09-08 11-22-08 [INFO]: Beginning conversion of C:\Users\Jesse\Desktop\Castle keep 2.schematic (output class: Castlekeep2)
2012-09-08 11-22-08 [FINE]: Output file did not exist:  Creating...
2012-09-08 11-22-08 [FINE]: Opening file output stream
2012-09-08 11-22-08 [INFO]: Writing file header
2012-09-08 11-22-08 [INFO]: Conditional Spawning is TRUE - writing conditional spawn code.
2012-09-08 11-22-08 [INFO]: Writing Blocks to file
2012-09-08 11-22-08 [INFO]: Method length approaching size limit - splitting to next method.
2012-09-08 11-22-08 [INFO]: Method length approaching size limit - splitting to next method.
2012-09-08 11-22-08 [INFO]: Method length approaching size limit - splitting to next method.
2012-09-08 11-22-08 [INFO]: Method length approaching size limit - splitting to next method.
2012-09-08 11-22-08 [INFO]: Method length approaching size limit - splitting to next method.
2012-09-08 11-22-08 [INFO]: Method length approaching size limit - splitting to next method.
2012-09-08 11-22-08 [INFO]: Method length approaching size limit - splitting to next method.
2012-09-08 11-22-08 [INFO]: Method length approaching size limit - splitting to next method.
2012-09-08 11-22-08 [INFO]: Method length approaching size limit - splitting to next method.
2012-09-08 11-22-08 [INFO]: Method length approaching size limit - splitting to next method.
2012-09-08 11-22-08 [INFO]: Method length approaching size limit - splitting to next method.
2012-09-08 11-22-08 [INFO]: Method length approaching size limit - splitting to next method.
2012-09-08 11-22-08 [INFO]: Method length approaching size limit - splitting to next method.
2012-09-08 11-22-08 [INFO]: Method length approaching size limit - splitting to next method.
2012-09-08 11-22-08 [INFO]: Method length approaching size limit - splitting to next method.
2012-09-08 11-22-08 [INFO]: Method length approaching size limit - splitting to next method.
2012-09-08 11-22-08 [INFO]: Method length approaching size limit - splitting to next method.
2012-09-08 11-22-08 [INFO]: Method length approaching size limit - splitting to next method.
2012-09-08 11-22-08 [INFO]: Writing deferred blocks
2012-09-08 11-22-08 [INFO]: Method length approaching size limit - splitting to next method.
2012-09-08 11-22-08 [INFO]: Writing file footer
2012-09-08 11-22-08 [FINE]: Closing file output stream
2012-09-08 11-22-08 [INFO]: Conversion of C:\Users\Jesse\Desktop\Castle keep 2.schematic completed successfully.
